This is pdfTeX, Version 3.1415926-2.5-1.40.14 (MiKTeX 2.9) (preloaded format=pdflatex 2015.5.8)  23 JUL 2015 13:11
entering extended mode
**genkiarticle.tex
(C:\Users\PrendingerLab\Documents\GitHub\GenkiArticle\article\genkiarticle.tex
LaTeX2e <2011/06/27>
Babel <v3.8m> and hyphenation patterns for english, afrikaans, ancientgreek, ar
abic, armenian, assamese, basque, bengali, bokmal, bulgarian, catalan, coptic, 
croatian, czech, danish, dutch, esperanto, estonian, farsi, finnish, french, ga
lician, german, german-x-2013-05-26, greek, gujarati, hindi, hungarian, iceland
ic, indonesian, interlingua, irish, italian, kannada, kurmanji, latin, latvian,
 lithuanian, malayalam, marathi, mongolian, mongolianlmc, monogreek, ngerman, n
german-x-2013-05-26, nynorsk, oriya, panjabi, pinyin, polish, portuguese, roman
ian, russian, sanskrit, serbian, slovak, slovenian, spanish, swedish, swissgerm
an, tamil, telugu, turkish, turkmen, ukenglish, ukrainian, uppersorbian, usengl
ishmax, welsh, loaded.
("C:\Program Files (x86)\MiKTeX 2.9\tex\latex\base\article.cls"
Document Class: article 2007/10/19 v1.4h Standard LaTeX document class
("C:\Program Files (x86)\MiKTeX 2.9\tex\latex\base\size10.clo"
File: size10.clo 2007/10/19 v1.4h Standard LaTeX file (size option)
)
\c@part=\count79
\c@section=\count80
\c@subsection=\count81
\c@subsubsection=\count82
\c@paragraph=\count83
\c@subparagraph=\count84
\c@figure=\count85
\c@table=\count86
\abovecaptionskip=\skip41
\belowcaptionskip=\skip42
\bibindent=\dimen102
)
(C:\Users\PrendingerLab\Documents\GitHub\GenkiArticle\article\aaai.sty
Conference Style for AAAI for LaTeX 2e -- version of 1 January 2015
\titlebox=\skip43
) ("C:\Program Files (x86)\MiKTeX 2.9\tex\latex\psnfss\times.sty"
Package: times 2005/04/12 PSNFSS-v9.2a (SPQR) 
)
("C:\Program Files (x86)\MiKTeX 2.9\tex\latex\psnfss\helvet.sty"
Package: helvet 2005/04/12 PSNFSS-v9.2a (WaS) 

("C:\Program Files (x86)\MiKTeX 2.9\tex\latex\graphics\keyval.sty"
Package: keyval 1999/03/16 v1.13 key=value parser (DPC)
\KV@toks@=\toks14
))
("C:\Program Files (x86)\MiKTeX 2.9\tex\latex\psnfss\courier.sty"
Package: courier 2005/04/12 PSNFSS-v9.2a (WaS) 
)
("C:\Program Files (x86)\MiKTeX 2.9\tex\latex\graphics\graphicx.sty"
Package: graphicx 1999/02/16 v1.0f Enhanced LaTeX Graphics (DPC,SPQR)

("C:\Program Files (x86)\MiKTeX 2.9\tex\latex\graphics\graphics.sty"
Package: graphics 2009/02/05 v1.0o Standard LaTeX Graphics (DPC,SPQR)

("C:\Program Files (x86)\MiKTeX 2.9\tex\latex\graphics\trig.sty"
Package: trig 1999/03/16 v1.09 sin cos tan (DPC)
)
("C:\Program Files (x86)\MiKTeX 2.9\tex\latex\00miktex\graphics.cfg"
File: graphics.cfg 2007/01/18 v1.5 graphics configuration of teTeX/TeXLive
)
Package graphics Info: Driver file: pdftex.def on input line 91.

("C:\Program Files (x86)\MiKTeX 2.9\tex\latex\pdftex-def\pdftex.def"
File: pdftex.def 2011/05/27 v0.06d Graphics/color for pdfTeX

("C:\Program Files (x86)\MiKTeX 2.9\tex\generic\oberdiek\infwarerr.sty"
Package: infwarerr 2010/04/08 v1.3 Providing info/warning/error messages (HO)
)
("C:\Program Files (x86)\MiKTeX 2.9\tex\generic\oberdiek\ltxcmds.sty"
Package: ltxcmds 2011/11/09 v1.22 LaTeX kernel commands for general use (HO)
)
\Gread@gobject=\count87
))
\Gin@req@height=\dimen103
\Gin@req@width=\dimen104
)
(C:\Users\PrendingerLab\Documents\GitHub\GenkiArticle\article\genkiarticle.aux)
LaTeX Font Info:    Checking defaults for OML/cmm/m/it on input line 19.
LaTeX Font Info:    ... okay on input line 19.
LaTeX Font Info:    Checking defaults for T1/cmr/m/n on input line 19.
LaTeX Font Info:    ... okay on input line 19.
LaTeX Font Info:    Checking defaults for OT1/cmr/m/n on input line 19.
LaTeX Font Info:    ... okay on input line 19.
LaTeX Font Info:    Checking defaults for OMS/cmsy/m/n on input line 19.
LaTeX Font Info:    ... okay on input line 19.
LaTeX Font Info:    Checking defaults for OMX/cmex/m/n on input line 19.
LaTeX Font Info:    ... okay on input line 19.
LaTeX Font Info:    Checking defaults for U/cmr/m/n on input line 19.
LaTeX Font Info:    ... okay on input line 19.
LaTeX Font Info:    Try loading font information for OT1+ptm on input line 19.
("C:\Program Files (x86)\MiKTeX 2.9\tex\latex\psnfss\ot1ptm.fd"
File: ot1ptm.fd 2001/06/04 font definitions for OT1/ptm.
)
("C:\Program Files (x86)\MiKTeX 2.9\tex\context\base\supp-pdf.mkii"
[Loading MPS to PDF converter (version 2006.09.02).]
\scratchcounter=\count88
\scratchdimen=\dimen105
\scratchbox=\box26
\nofMPsegments=\count89
\nofMParguments=\count90
\everyMPshowfont=\toks15
\MPscratchCnt=\count91
\MPscratchDim=\dimen106
\MPnumerator=\count92
\makeMPintoPDFobject=\count93
\everyMPtoPDFconversion=\toks16
)
LaTeX Font Info:    Font shape `OT1/ptm/bx/n' in size <14.4> not available
(Font)              Font shape `OT1/ptm/b/n' tried instead on input line 45.
LaTeX Font Info:    External font `cmex10' loaded for size
(Font)              <7> on input line 45.
LaTeX Font Info:    External font `cmex10' loaded for size
(Font)              <5> on input line 45.
LaTeX Font Info:    Font shape `OT1/ptm/bx/n' in size <12> not available
(Font)              Font shape `OT1/ptm/b/n' tried instead on input line 45.
LaTeX Font Info:    Try loading font information for OMS+ptm on input line 45.
 ("C:\Program Files (x86)\MiKTeX 2.9\tex\latex\psnfss\omsptm.fd"
File: omsptm.fd 
)
LaTeX Font Info:    Font shape `OMS/ptm/m/n' in size <9> not available
(Font)              Font shape `OMS/cmsy/m/n' tried instead on input line 45.
LaTeX Font Info:    Font shape `OT1/ptm/bx/n' in size <10> not available
(Font)              Font shape `OT1/ptm/b/n' tried instead on input line 52.
LaTeX Font Info:    Font shape `OT1/ptm/bx/n' in size <10.95> not available
(Font)              Font shape `OT1/ptm/b/n' tried instead on input line 63.
 [1{C:/ProgramData/MiKTeX/2.9/pdftex/config/pdftex.map}



]
Missing character: There is no ‚ in font ptmb7t!
Missing character: There is no Ä in font ptmb7t!
Missing character: There is no ô in font ptmb7t!
Missing character: There is no ‚ in font ptmr7t!
Missing character: There is no Ä in font ptmr7t!
Missing character: There is no ú in font ptmr7t!
Missing character: There is no ‚ in font ptmr7t!
Missing character: There is no Ä in font ptmr7t!
Missing character: There is no ù in font ptmr7t!
Missing character: There is no ‚ in font ptmr7t!
Missing character: There is no Ä in font ptmr7t!
Missing character: There is no ô in font ptmr7t!
Missing character: There is no ‚ in font ptmr7t!
Missing character: There is no Ä in font ptmr7t!
Missing character: There is no ô in font ptmr7t!

Underfull \hbox (badness 1189) in paragraph at lines 140--141
 \OT1/ptm/b/n/10 Ya-hoo Crowd-sourc-ing Japan \OT1/ptm/m/n/10 The pur-pose of Y
a-hoo
 []

LaTeX Font Info:    Font shape `OMS/ptm/m/n' in size <10> not available
(Font)              Font shape `OMS/cmsy/m/n' tried instead on input line 149.

Overfull \hbox (237.79355pt too wide) in paragraph at lines 173--179
 [] 
 []

<images/FReports.png, id=8, 942.52126pt x 503.8825pt>
File: images/FReports.png Graphic file (type png)

<use images/FReports.png>
Package pdftex.def Info: images/FReports.png used on input line 213.
(pdftex.def)             Requested size: 239.39438pt x 127.97704pt.
 [2 <C:/Users/PrendingerLab/Documents/GitHub/GenkiArticle/article/images/FRepor
ts.png>]
<images/RPerDay.png, id=14, 713.66624pt x 503.8825pt>
File: images/RPerDay.png Graphic file (type png)
 <use images/RPerDay.png>
Package pdftex.def Info: images/RPerDay.png used on input line 222.
(pdftex.def)             Requested size: 239.39438pt x 169.01888pt.

<images/NewUsers.png, id=15, 713.66624pt x 503.8825pt>
File: images/NewUsers.png Graphic file (type png)

<use images/NewUsers.png>
Package pdftex.def Info: images/NewUsers.png used on input line 229.
(pdftex.def)             Requested size: 239.39438pt x 169.01888pt.

<images/UserDropRate.png, id=16, 637.38126pt x 503.8825pt>
File: images/UserDropRate.png Graphic file (type png)

<use images/UserDropRate.png>
Package pdftex.def Info: images/UserDropRate.png used on input line 258.
(pdftex.def)             Requested size: 239.39438pt x 189.24763pt.

<images/RewardedvsNonRewarded.png, id=17, 758.835pt x 503.8825pt>
File: images/RewardedvsNonRewarded.png Graphic file (type png)

<use images/RewardedvsNonRewarded.png>
Package pdftex.def Info: images/RewardedvsNonRewarded.png used on input line 27
0.
(pdftex.def)             Requested size: 239.39438pt x 158.96217pt.
 [3 <C:/Users/PrendingerLab/Documents/GitHub/GenkiArticle/article/images/RPerDa
y.png> <C:/Users/PrendingerLab/Documents/GitHub/GenkiArticle/article/images/New
Users.png> <C:/Users/PrendingerLab/Documents/GitHub/GenkiArticle/article/images
/UserDropRate.png>]
<images/RewardsIncreasing.png, id=24, 700.6175pt x 503.8825pt>
File: images/RewardsIncreasing.png Graphic file (type png)

<use images/RewardsIncreasing.png>
Package pdftex.def Info: images/RewardsIncreasing.png used on input line 279.
(pdftex.def)             Requested size: 239.39438pt x 172.17122pt.

<images/territory.png, id=25, 912.40875pt x 503.8825pt>
File: images/territory.png Graphic file (type png)

<use images/territory.png>
Package pdftex.def Info: images/territory.png used on input line 303.
(pdftex.def)             Requested size: 239.39438pt x 132.20578pt.

<images/GenkioverDay.png, id=26, 964.60374pt x 503.8825pt>
File: images/GenkioverDay.png Graphic file (type png)

<use images/GenkioverDay.png>
Package pdftex.def Info: images/GenkioverDay.png used on input line 323.
(pdftex.def)             Requested size: 239.39438pt x 125.04767pt.
 [4 <C:/Users/PrendingerLab/Documents/GitHub/GenkiArticle/article/images/Reward
edvsNonRewarded.png> <C:/Users/PrendingerLab/Documents/GitHub/GenkiArticle/arti
cle/images/RewardsIncreasing.png> <C:/Users/PrendingerLab/Documents/GitHub/Genk
iArticle/article/images/territory.png>]
(C:\Users\PrendingerLab\Documents\GitHub\GenkiArticle\article\genkiarticle.bbl
Missing character: There is no ‚ in font ptmr7t!
Missing character: There is no Ä in font ptmr7t!
Missing character: There is no ì in font ptmr7t!
) [5 <C:/Users/PrendingerLab/Documents/GitHub/GenkiArticle/article/images/Genki
overDay.png>]
(C:\Users\PrendingerLab\Documents\GitHub\GenkiArticle\article\genkiarticle.aux)
 ) 
Here is how much of TeX's memory you used:
 1292 strings out of 493921
 18448 string characters out of 3144853
 75344 words of memory out of 3000000
 4597 multiletter control sequences out of 15000+200000
 16774 words of font info for 32 fonts, out of 3000000 for 9000
 841 hyphenation exceptions out of 8191
 27i,10n,19p,969b,245s stack positions out of 5000i,500n,10000p,200000b,50000s
{C:/Program Files (x86)/MiKTeX 2.9/fonts/enc/dvips/fontname/8r.enc}<C:/Progra
m Files (x86)/MiKTeX 2.9/fonts/type1/public/amsfonts/cm/cmmi10.pfb><C:/Program 
Files (x86)/MiKTeX 2.9/fonts/type1/public/amsfonts/cm/cmr7.pfb><C:/Program File
s (x86)/MiKTeX 2.9/fonts/type1/public/amsfonts/cm/cmsy10.pfb><C:/Program Files 
(x86)/MiKTeX 2.9/fonts/type1/public/amsfonts/cm/cmsy9.pfb><C:/Program Files (x8
6)/MiKTeX 2.9/fonts/type1/urw/times/utmb8a.pfb><C:/Program Files (x86)/MiKTeX 2
.9/fonts/type1/urw/times/utmr8a.pfb><C:/Program Files (x86)/MiKTeX 2.9/fonts/ty
pe1/urw/times/utmri8a.pfb>
Output written on genkiarticle.pdf (5 pages, 142336 bytes).
PDF statistics:
 63 PDF objects out of 1000 (max. 8388607)
 0 named destinations out of 1000 (max. 500000)
 41 words of extra memory for PDF output out of 10000 (max. 10000000)

